TN:
SF:EvenOrOdd/evenorodd.js
FN:5,(anonymous_0)
FNF:1
FNH:1
FNDA:6,(anonymous_0)
DA:5,1
DA:6,6
DA:7,4
DA:9,2
DA:13,1
DA:16,1
LF:6
LH:6
BRDA:6,0,0,4
BRDA:6,0,1,2
BRF:2
BRH:2
end_of_record
TN:
SF:jennys secret msg/jenny.js
FN:6,greet
FNF:1
FNH:1
FNDA:5,greet
DA:7,5
DA:8,2
DA:10,3
DA:16,1
DA:17,1
DA:19,1
LF:6
LH:6
BRDA:7,0,0,2
BRDA:7,0,1,3
BRF:2
BRH:2
end_of_record
TN:
SF:multiply/multiply.js
FN:3,multiply
FNF:1
FNH:1
FNDA:2,multiply
DA:4,2
DA:8,1
LF:2
LH:2
BRF:0
BRH:0
end_of_record
TN:
SF:vowelcount/vowelcount.js
FN:10,(anonymous_0)
FNF:1
FNH:1
FNDA:3,(anonymous_0)
DA:10,1
DA:11,3
DA:12,3
DA:13,3
DA:15,3
DA:16,49
DA:17,17
DA:21,3
DA:24,1
DA:26,1
LF:10
LH:10
BRDA:16,0,0,17
BRDA:16,0,1,32
BRF:2
BRH:2
end_of_record
TN:
SF:vowelcount/Get the Middle Character/middleCharacter.js
FN:8,(anonymous_0)
FNF:1
FNH:1
FNDA:6,(anonymous_0)
DA:8,1
DA:9,6
DA:10,2
DA:11,2
DA:13,4
DA:14,4
DA:18,1
DA:19,1
DA:20,1
DA:23,1
LF:10
LH:10
BRDA:9,0,0,2
BRDA:9,0,1,4
BRF:2
BRH:2
end_of_record
